
> myapp@0.0.0 start /home/ubuntu/myapp
> node ./bin/www

http://127.0.0.1:3000/naverlogin app listening on port 3000!
Port 3000 is already in use

npm ERR! Linux 4.4.0-1022-aws
npm ERR! argv "/usr/bin/nodejs" "/usr/bin/npm" "start"
npm ERR! node v4.2.6
npm ERR! npm  v3.5.2
npm ERR! code ELIFECYCLE
npm ERR! myapp@0.0.0 start: `node ./bin/www`
npm ERR! Exit status 1
npm ERR! 
npm ERR! Failed at the myapp@0.0.0 start script 'node ./bin/www'.
npm ERR! Make sure you have the latest version of node.js and npm installed.
npm ERR! If you do, this is most likely a problem with the myapp package,
npm ERR! not with npm itself.
npm ERR! Tell the author that this fails on your system:
npm ERR!     node ./bin/www
npm ERR! You can get information on how to open an issue for this project with:
npm ERR!     npm bugs myapp
npm ERR! Or if that isn't available, you can get their info via:
npm ERR!     npm owner ls myapp
npm ERR! There is likely additional logging output above.

npm ERR! Please include the following file with any support request:
npm ERR!     /home/ubuntu/myapp/npm-debug.log

> myapp@0.0.0 start /home/ubuntu/myapp
> node ./bin/www

http://127.0.0.1:3000/naverlogin app listening on port 3000!
Port 3000 is already in use

npm ERR! Linux 4.4.0-1022-aws
npm ERR! argv "/usr/bin/nodejs" "/usr/bin/npm" "start"
npm ERR! node v4.2.6
npm ERR! npm  v3.5.2
npm ERR! code ELIFECYCLE
npm ERR! myapp@0.0.0 start: `node ./bin/www`
npm ERR! Exit status 1
npm ERR! 
npm ERR! Failed at the myapp@0.0.0 start script 'node ./bin/www'.
npm ERR! Make sure you have the latest version of node.js and npm installed.
npm ERR! If you do, this is most likely a problem with the myapp package,
npm ERR! not with npm itself.
npm ERR! Tell the author that this fails on your system:
npm ERR!     node ./bin/www
npm ERR! You can get information on how to open an issue for this project with:
npm ERR!     npm bugs myapp
npm ERR! Or if that isn't available, you can get their info via:
npm ERR!     npm owner ls myapp
npm ERR! There is likely additional logging output above.

npm ERR! Please include the following file with any support request:
npm ERR!     /home/ubuntu/myapp/npm-debug.log
